{"C:\\Users\\lenovo\\Documents\\Personal-Project\\learning-pipelines\\src\\index.ts": {"path":"C:\\Users\\lenovo\\Documents\\Personal-Project\\learning-pipelines\\src\\index.ts","statementMap":{"0":{"start":{"line":2,"column":4},"end":{"line":2,"column":29}},"1":{"start":{"line":5,"column":0},"end":{"line":5,"column":28}}},"fnMap":{"0":{"name":"greet","decl":{"start":{"line":1,"column":9},"end":{"line":1,"column":14}},"loc":{"start":{"line":1,"column":27},"end":{"line":3,"column":1}}}},"branchMap":{},"s":{"0":0,"1":0},"f":{"0":0},"b":{}}
}
