{"C:\\Users\\lenovo\\Documents\\Personal-Project\\learning-pipelines\\src\\index.ts": {"path":"C:\\Users\\lenovo\\Documents\\Personal-Project\\learning-pipelines\\src\\index.ts","statementMap":{"0":{"start":{"line":1,"column":0},"end":{"line":1,"column":16}},"1":{"start":{"line":2,"column":4},"end":{"line":2,"column":29}}},"fnMap":{"0":{"name":"greet","decl":{"start":{"line":1,"column":16},"end":{"line":1,"column":21}},"loc":{"start":{"line":1,"column":34},"end":{"line":3,"column":1}}}},"branchMap":{},"s":{"0":1,"1":1},"f":{"0":1},"b":{}}
}
